<?xml version="1.0" encoding="UTF-8"?>
<testng-results skipped="0" failed="0" ignored="0" total="1" passed="1">
  <reporter-output>
  </reporter-output>
  <suite name="Default suite" duration-ms="1014" started-at="2018-08-15T07:08:52Z" finished-at="2018-08-15T07:08:53Z">
    <groups>
    </groups>
    <test name="Default test" duration-ms="1014" started-at="2018-08-15T07:08:52Z" finished-at="2018-08-15T07:08:53Z">
      <class name="utilities.ReadFromandTwoExcel">
        <test-method status="PASS" signature="readwriteExcel()[pri:0, instance:utilities.ReadFromandTwoExcel@4cc0edeb]" name="readwriteExcel" duration-ms="988" started-at="2018-08-15T12:38:52Z" finished-at="2018-08-15T12:38:53Z">
          <reporter-output>
          </reporter-output>
        </test-method> <!-- readwriteExcel -->
      </class> <!-- utilities.ReadFromandTwoExcel -->
    </test> <!-- Default test -->
  </suite> <!-- Default suite -->
</testng-results>
